D:\PROJECT\C++언어\EX160809\DEBUG\TELPHONEBOOKAPP7.EXE
D:\PROJECT\C++언어\EX160809\DEBUG\TELPHONEBOOKAPP7.ILK
D:\PROJECT\C++언어\EX160809\DEBUG\TELPHONEBOOKAPP7.PDB
D:\PROJECT\C++언어\EX160809\TELPHONEBOOKAPP7\DEBUG\MAIN.OBJ
D:\PROJECT\C++언어\EX160809\TELPHONEBOOKAPP7\DEBUG\PERSON.OBJ
D:\PROJECT\C++언어\EX160809\TELPHONEBOOKAPP7\DEBUG\PROFESSOR.OBJ
D:\PROJECT\C++언어\EX160809\TELPHONEBOOKAPP7\DEBUG\STUDENT.OBJ
D:\PROJECT\C++언어\EX160809\TELPHONEBOOKAPP7\DEBUG\TELPHONEBOOK.OBJ
D:\PROJECT\C++언어\EX160809\TELPHONEBOOKAPP7\DEBUG\TELPHONEBOOKAPP7.EXE.EMBED.MANIFEST
D:\PROJECT\C++언어\EX160809\TELPHONEBOOKAPP7\DEBUG\TELPHONEBOOKAPP7.EXE.EMBED.MANIFEST.RES
D:\PROJECT\C++언어\EX160809\TELPHONEBOOKAPP7\DEBUG\TELPHONEBOOKAPP7.EXE.INTERMEDIATE.MANIFEST
D:\PROJECT\C++언어\EX160809\TELPHONEBOOKAPP7\DEBUG\VC100.PDB
D:\PROJECT\C++언어\EX160810\DEBUG\TELPHONEBOOKAPP8.EXE
D:\PROJECT\C++언어\EX160810\DEBUG\TELPHONEBOOKAPP8.ILK
D:\PROJECT\C++언어\EX160810\DEBUG\TELPHONEBOOKAPP8.PDB
D:\Project\C++언어\ex160810\TelPhoneBookApp8\Debug\cl.command.1.tlog
D:\Project\C++언어\ex160810\TelPhoneBookApp8\Debug\CL.read.1.tlog
D:\Project\C++언어\ex160810\TelPhoneBookApp8\Debug\CL.write.1.tlog
D:\Project\C++언어\ex160810\TelPhoneBookApp8\Debug\link.1624.read.1.tlog
D:\Project\C++언어\ex160810\TelPhoneBookApp8\Debug\link.1624.write.1.tlog
D:\Project\C++언어\ex160810\TelPhoneBookApp8\Debug\link.1624-cvtres.read.1.tlog
D:\Project\C++언어\ex160810\TelPhoneBookApp8\Debug\link.1624-cvtres.write.1.tlog
D:\Project\C++언어\ex160810\TelPhoneBookApp8\Debug\link.2096.read.1.tlog
D:\Project\C++언어\ex160810\TelPhoneBookApp8\Debug\link.2096.write.1.tlog
D:\Project\C++언어\ex160810\TelPhoneBookApp8\Debug\link.2096-cvtres.read.1.tlog
D:\Project\C++언어\ex160810\TelPhoneBookApp8\Debug\link.2096-cvtres.write.1.tlog
D:\Project\C++언어\ex160810\TelPhoneBookApp8\Debug\link.3112.read.1.tlog
D:\Project\C++언어\ex160810\TelPhoneBookApp8\Debug\link.3112.write.1.tlog
D:\Project\C++언어\ex160810\TelPhoneBookApp8\Debug\link.3112-cvtres.read.1.tlog
D:\Project\C++언어\ex160810\TelPhoneBookApp8\Debug\link.3112-cvtres.write.1.tlog
D:\Project\C++언어\ex160810\TelPhoneBookApp8\Debug\link.command.1.tlog
D:\Project\C++언어\ex160810\TelPhoneBookApp8\Debug\link.read.1.tlog
D:\Project\C++언어\ex160810\TelPhoneBookApp8\Debug\link.write.1.tlog
D:\Project\C++언어\ex160810\TelPhoneBookApp8\Debug\link-cvtres.read.1.tlog
D:\Project\C++언어\ex160810\TelPhoneBookApp8\Debug\link-cvtres.write.1.tlog
D:\PROJECT\C++언어\EX160810\TELPHONEBOOKAPP8\DEBUG\MAIN.OBJ
D:\Project\C++언어\ex160810\TelPhoneBookApp8\Debug\mt.command.1.tlog
D:\Project\C++언어\ex160810\TelPhoneBookApp8\Debug\mt.read.1.tlog
D:\Project\C++언어\ex160810\TelPhoneBookApp8\Debug\mt.write.1.tlog
D:\PROJECT\C++언어\EX160810\TELPHONEBOOKAPP8\DEBUG\PERSON.OBJ
D:\PROJECT\C++언어\EX160810\TELPHONEBOOKAPP8\DEBUG\PROFESSOR.OBJ
D:\Project\C++언어\ex160810\TelPhoneBookApp8\Debug\rc.command.1.tlog
D:\Project\C++언어\ex160810\TelPhoneBookApp8\Debug\rc.read.1.tlog
D:\Project\C++언어\ex160810\TelPhoneBookApp8\Debug\rc.write.1.tlog
D:\PROJECT\C++언어\EX160810\TELPHONEBOOKAPP8\DEBUG\STUDENT.OBJ
D:\PROJECT\C++언어\EX160810\TELPHONEBOOKAPP8\DEBUG\TELPHONEBOOK.OBJ
D:\Project\C++언어\ex160810\TelPhoneBookApp8\Debug\TelPhoneBookApp7.exe.embed.manifest
D:\Project\C++언어\ex160810\TelPhoneBookApp8\Debug\TelPhoneBookApp7.exe.embed.manifest.res
D:\Project\C++언어\ex160810\TelPhoneBookApp8\Debug\TelPhoneBookApp7.exe.intermediate.manifest
D:\Project\C++언어\ex160810\TelPhoneBookApp8\Debug\TelPhoneBookApp7_manifest.rc
D:\PROJECT\C++언어\EX160810\TELPHONEBOOKAPP8\DEBUG\TELPHONEBOOKAPP8.EXE.EMBED.MANIFEST
D:\PROJECT\C++언어\EX160810\TELPHONEBOOKAPP8\DEBUG\TELPHONEBOOKAPP8.EXE.EMBED.MANIFEST.RES
D:\PROJECT\C++언어\EX160810\TELPHONEBOOKAPP8\DEBUG\TELPHONEBOOKAPP8.EXE.INTERMEDIATE.MANIFEST
D:\Project\C++언어\ex160810\TelPhoneBookApp8\Debug\TelPhoneBookApp8_manifest.rc
D:\Project\C++언어\ex160810\TelPhoneBookApp8\Debug\vc100.idb
D:\PROJECT\C++언어\EX160810\TELPHONEBOOKAPP8\DEBUG\VC100.PDB
