D:\PROJECT\C++언어\FINALEXAM\DEBUG\FINALEXAM.EXE
D:\PROJECT\C++언어\FINALEXAM\DEBUG\FINALEXAM.ILK
D:\PROJECT\C++언어\FINALEXAM\DEBUG\FINALEXAM.PDB
D:\PROJECT\C++언어\FINALEXAM\FINALEXAM\DEBUG\C_LANGUAGE.OBJ
D:\PROJECT\C++언어\FINALEXAM\FINALEXAM\DEBUG\C++_LANGUAGE.OBJ
D:\Project\C++언어\FinalExam\FinalExam\Debug\cl.command.1.tlog
D:\Project\C++언어\FinalExam\FinalExam\Debug\CL.read.1.tlog
D:\Project\C++언어\FinalExam\FinalExam\Debug\CL.write.1.tlog
D:\PROJECT\C++언어\FINALEXAM\FINALEXAM\DEBUG\DATA_STRUCTURE.OBJ
D:\PROJECT\C++언어\FINALEXAM\FINALEXAM\DEBUG\FINALEXAM.EXE.EMBED.MANIFEST
D:\PROJECT\C++언어\FINALEXAM\FINALEXAM\DEBUG\FINALEXAM.EXE.EMBED.MANIFEST.RES
D:\PROJECT\C++언어\FINALEXAM\FINALEXAM\DEBUG\FINALEXAM.EXE.INTERMEDIATE.MANIFEST
D:\Project\C++언어\FinalExam\FinalExam\Debug\FinalExam_manifest.rc
D:\Project\C++언어\FinalExam\FinalExam\Debug\link.1076.read.1.tlog
D:\Project\C++언어\FinalExam\FinalExam\Debug\link.1076.write.1.tlog
D:\Project\C++언어\FinalExam\FinalExam\Debug\link.1076-cvtres.read.1.tlog
D:\Project\C++언어\FinalExam\FinalExam\Debug\link.1076-cvtres.write.1.tlog
D:\Project\C++언어\FinalExam\FinalExam\Debug\link.1088.read.1.tlog
D:\Project\C++언어\FinalExam\FinalExam\Debug\link.1088.write.1.tlog
D:\Project\C++언어\FinalExam\FinalExam\Debug\link.1088-cvtres.read.1.tlog
D:\Project\C++언어\FinalExam\FinalExam\Debug\link.1088-cvtres.write.1.tlog
D:\Project\C++언어\FinalExam\FinalExam\Debug\link.1332.read.1.tlog
D:\Project\C++언어\FinalExam\FinalExam\Debug\link.1332.write.1.tlog
D:\Project\C++언어\FinalExam\FinalExam\Debug\link.1332-cvtres.read.1.tlog
D:\Project\C++언어\FinalExam\FinalExam\Debug\link.1332-cvtres.write.1.tlog
D:\Project\C++언어\FinalExam\FinalExam\Debug\link.1956.read.1.tlog
D:\Project\C++언어\FinalExam\FinalExam\Debug\link.1956.write.1.tlog
D:\Project\C++언어\FinalExam\FinalExam\Debug\link.1956-cvtres.read.1.tlog
D:\Project\C++언어\FinalExam\FinalExam\Debug\link.1956-cvtres.write.1.tlog
D:\Project\C++언어\FinalExam\FinalExam\Debug\link.2056.read.1.tlog
D:\Project\C++언어\FinalExam\FinalExam\Debug\link.2056.write.1.tlog
D:\Project\C++언어\FinalExam\FinalExam\Debug\link.2056-cvtres.read.1.tlog
D:\Project\C++언어\FinalExam\FinalExam\Debug\link.2056-cvtres.write.1.tlog
D:\Project\C++언어\FinalExam\FinalExam\Debug\link.2556.read.1.tlog
D:\Project\C++언어\FinalExam\FinalExam\Debug\link.2556.write.1.tlog
D:\Project\C++언어\FinalExam\FinalExam\Debug\link.2556-cvtres.read.1.tlog
D:\Project\C++언어\FinalExam\FinalExam\Debug\link.2556-cvtres.write.1.tlog
D:\Project\C++언어\FinalExam\FinalExam\Debug\link.3196.read.1.tlog
D:\Project\C++언어\FinalExam\FinalExam\Debug\link.3196.write.1.tlog
D:\Project\C++언어\FinalExam\FinalExam\Debug\link.3196-cvtres.read.1.tlog
D:\Project\C++언어\FinalExam\FinalExam\Debug\link.3196-cvtres.write.1.tlog
D:\Project\C++언어\FinalExam\FinalExam\Debug\link.3400.read.1.tlog
D:\Project\C++언어\FinalExam\FinalExam\Debug\link.3400.write.1.tlog
D:\Project\C++언어\FinalExam\FinalExam\Debug\link.3400-cvtres.read.1.tlog
D:\Project\C++언어\FinalExam\FinalExam\Debug\link.3400-cvtres.write.1.tlog
D:\Project\C++언어\FinalExam\FinalExam\Debug\link.3544.read.1.tlog
D:\Project\C++언어\FinalExam\FinalExam\Debug\link.3544.write.1.tlog
D:\Project\C++언어\FinalExam\FinalExam\Debug\link.3544-cvtres.read.1.tlog
D:\Project\C++언어\FinalExam\FinalExam\Debug\link.3544-cvtres.write.1.tlog
D:\Project\C++언어\FinalExam\FinalExam\Debug\link.3924.read.1.tlog
D:\Project\C++언어\FinalExam\FinalExam\Debug\link.3924.write.1.tlog
D:\Project\C++언어\FinalExam\FinalExam\Debug\link.3924-cvtres.read.1.tlog
D:\Project\C++언어\FinalExam\FinalExam\Debug\link.3924-cvtres.write.1.tlog
D:\Project\C++언어\FinalExam\FinalExam\Debug\link.4064.read.1.tlog
D:\Project\C++언어\FinalExam\FinalExam\Debug\link.4064.write.1.tlog
D:\Project\C++언어\FinalExam\FinalExam\Debug\link.4064-cvtres.read.1.tlog
D:\Project\C++언어\FinalExam\FinalExam\Debug\link.4064-cvtres.write.1.tlog
D:\Project\C++언어\FinalExam\FinalExam\Debug\link.5780.read.1.tlog
D:\Project\C++언어\FinalExam\FinalExam\Debug\link.5780.write.1.tlog
D:\Project\C++언어\FinalExam\FinalExam\Debug\link.5780-cvtres.read.1.tlog
D:\Project\C++언어\FinalExam\FinalExam\Debug\link.5780-cvtres.write.1.tlog
D:\Project\C++언어\FinalExam\FinalExam\Debug\link.command.1.tlog
D:\Project\C++언어\FinalExam\FinalExam\Debug\link.read.1.tlog
D:\Project\C++언어\FinalExam\FinalExam\Debug\link.write.1.tlog
D:\Project\C++언어\FinalExam\FinalExam\Debug\link-cvtres.read.1.tlog
D:\Project\C++언어\FinalExam\FinalExam\Debug\link-cvtres.write.1.tlog
D:\Project\C++언어\FinalExam\FinalExam\Debug\mt.command.1.tlog
D:\Project\C++언어\FinalExam\FinalExam\Debug\mt.read.1.tlog
D:\Project\C++언어\FinalExam\FinalExam\Debug\mt.write.1.tlog
D:\PROJECT\C++언어\FINALEXAM\FINALEXAM\DEBUG\PRATICE.OBJ
D:\Project\C++언어\FinalExam\FinalExam\Debug\rc.command.1.tlog
D:\Project\C++언어\FinalExam\FinalExam\Debug\rc.read.1.tlog
D:\Project\C++언어\FinalExam\FinalExam\Debug\rc.write.1.tlog
D:\Project\C++언어\FinalExam\FinalExam\Debug\vc100.idb
D:\PROJECT\C++언어\FINALEXAM\FINALEXAM\DEBUG\VC100.PDB
