빌드 시작: 2016-07-06 오전 11:32:05
     1>2 노드의 "D:\Project\C언어\ex160706\pointApp\pointApp.vcxproj" 프로젝트(build 대상)입니다.
     1>InitializeBuildStatus:
         "Debug\pointApp.unsuccessfulbuild"에 연결(touching)하고 있습니다.
       ClCompile:
         c:\Program Files\Microsoft Visual Studio 10.0\VC\bin\CL.exe /c /ZI /nologo /W3 /WX- /Od /Oy- /D WIN32 /D _DEBUG /D _CONSOLE /D _UNICODE /D UNICODE /Gm /EHsc /RTC1 /MDd /GS /fp:precise /Zc:wchar_t /Zc:forScope /Fo"Debug\\" /Fd"Debug\vc100.pdb" /Gd /TC /analyze- /errorReport:prompt main.c point.c
         point.c
         main.c
         코드를 생성하고 있습니다...
       Link:
         c:\Program Files\Microsoft Visual Studio 10.0\VC\bin\link.exe /ERRORREPORT:PROMPT /OUT:"D:\Project\C언어\ex160706\Debug\pointApp.exe" /INCREMENTAL:NO /NOLOGO kernel32.lib user32.lib gdi32.lib winspool.lib comdlg32.lib advapi32.lib shell32.lib ole32.lib oleaut32.lib uuid.lib odbc32.lib odbccp32.lib /MANIFEST /ManifestFile:"Debug\pointApp.exe.intermediate.manifest" /MANIFESTUAC:"level='asInvoker' uiAccess='false'" /DEBUG /PDB:"D:\Project\C언어\ex160706\Debug\pointApp.pdb" /SUBSYSTEM:CONSOLE /TLBID:1 /DYNAMICBASE /NXCOMPAT /IMPLIB:"D:\Project\C언어\ex160706\Debug\pointApp.lib" /MACHINE:X86 Debug\main.obj
         Debug\point.obj
     1>main.obj : warning LNK4075: '/EDITANDCONTINUE'이(가) '/INCREMENTAL:NO' 사양으로 인해 무시됩니다.
         pointApp.vcxproj -> D:\Project\C언어\ex160706\Debug\pointApp.exe
       Manifest:
         c:\Program Files\Microsoft SDKs\Windows\v7.0A\bin\mt.exe /nologo /verbose /outputresource:"D:\Project\C언어\ex160706\Debug\pointApp.exe;#1" /manifest Debug\pointApp.exe.intermediate.manifest
       FinalizeBuildStatus:
         "Debug\pointApp.unsuccessfulbuild" 파일을 삭제하고 있습니다.
         "Debug\pointApp.lastbuildstate"에 연결(touching)하고 있습니다.
     1>"D:\Project\C언어\ex160706\pointApp\pointApp.vcxproj" 프로젝트를 빌드했습니다(build 대상).

빌드했습니다.

경과 시간: 00:00:00.28
