D:\PROJECT\C++언어\EX160805\DEBUG\EX160805.EXE
D:\PROJECT\C++언어\EX160805\DEBUG\EX160805.ILK
D:\PROJECT\C++언어\EX160805\DEBUG\EX160805.PDB
D:\Project\C++언어\ex160805\ex160805\Debug\cl.command.1.tlog
D:\Project\C++언어\ex160805\ex160805\Debug\CL.read.1.tlog
D:\Project\C++언어\ex160805\ex160805\Debug\CL.write.1.tlog
D:\PROJECT\C++언어\EX160805\EX160805\DEBUG\EX160805.EXE.EMBED.MANIFEST
D:\PROJECT\C++언어\EX160805\EX160805\DEBUG\EX160805.EXE.EMBED.MANIFEST.RES
D:\PROJECT\C++언어\EX160805\EX160805\DEBUG\EX160805.EXE.INTERMEDIATE.MANIFEST
D:\Project\C++언어\ex160805\ex160805\Debug\ex160805_manifest.rc
D:\Project\C++언어\ex160805\ex160805\Debug\link.1284.read.1.tlog
D:\Project\C++언어\ex160805\ex160805\Debug\link.1284.write.1.tlog
D:\Project\C++언어\ex160805\ex160805\Debug\link.1284-cvtres.read.1.tlog
D:\Project\C++언어\ex160805\ex160805\Debug\link.1284-cvtres.write.1.tlog
D:\Project\C++언어\ex160805\ex160805\Debug\link.1456.read.1.tlog
D:\Project\C++언어\ex160805\ex160805\Debug\link.1456.write.1.tlog
D:\Project\C++언어\ex160805\ex160805\Debug\link.1456-cvtres.read.1.tlog
D:\Project\C++언어\ex160805\ex160805\Debug\link.1456-cvtres.write.1.tlog
D:\Project\C++언어\ex160805\ex160805\Debug\link.2016.read.1.tlog
D:\Project\C++언어\ex160805\ex160805\Debug\link.2016.write.1.tlog
D:\Project\C++언어\ex160805\ex160805\Debug\link.2016-cvtres.read.1.tlog
D:\Project\C++언어\ex160805\ex160805\Debug\link.2016-cvtres.write.1.tlog
D:\Project\C++언어\ex160805\ex160805\Debug\link.3848.read.1.tlog
D:\Project\C++언어\ex160805\ex160805\Debug\link.3848.write.1.tlog
D:\Project\C++언어\ex160805\ex160805\Debug\link.3848-cvtres.read.1.tlog
D:\Project\C++언어\ex160805\ex160805\Debug\link.3848-cvtres.write.1.tlog
D:\Project\C++언어\ex160805\ex160805\Debug\link.3928.read.1.tlog
D:\Project\C++언어\ex160805\ex160805\Debug\link.3928.write.1.tlog
D:\Project\C++언어\ex160805\ex160805\Debug\link.3928-cvtres.read.1.tlog
D:\Project\C++언어\ex160805\ex160805\Debug\link.3928-cvtres.write.1.tlog
D:\Project\C++언어\ex160805\ex160805\Debug\link.3968.read.1.tlog
D:\Project\C++언어\ex160805\ex160805\Debug\link.3968.write.1.tlog
D:\Project\C++언어\ex160805\ex160805\Debug\link.3968-cvtres.read.1.tlog
D:\Project\C++언어\ex160805\ex160805\Debug\link.3968-cvtres.write.1.tlog
D:\Project\C++언어\ex160805\ex160805\Debug\link.command.1.tlog
D:\Project\C++언어\ex160805\ex160805\Debug\link.read.1.tlog
D:\Project\C++언어\ex160805\ex160805\Debug\link.write.1.tlog
D:\Project\C++언어\ex160805\ex160805\Debug\link-cvtres.read.1.tlog
D:\Project\C++언어\ex160805\ex160805\Debug\link-cvtres.write.1.tlog
D:\PROJECT\C++언어\EX160805\EX160805\DEBUG\MAIN.OBJ
D:\Project\C++언어\ex160805\ex160805\Debug\mt.command.1.tlog
D:\Project\C++언어\ex160805\ex160805\Debug\mt.read.1.tlog
D:\Project\C++언어\ex160805\ex160805\Debug\mt.write.1.tlog
D:\Project\C++언어\ex160805\ex160805\Debug\rc.command.1.tlog
D:\Project\C++언어\ex160805\ex160805\Debug\rc.read.1.tlog
D:\Project\C++언어\ex160805\ex160805\Debug\rc.write.1.tlog
D:\Project\C++언어\ex160805\ex160805\Debug\vc100.idb
D:\PROJECT\C++언어\EX160805\EX160805\DEBUG\VC100.PDB
