빌드 시작: 2016-08-21 오후 5:32:50
     1>2 노드의 "D:\Project\C언어\0713과제\0713과제\0713과제.vcxproj" 프로젝트(build 대상)입니다.
     1>InitializeBuildStatus:
         "AlwaysCreate"이(가) 지정되었기 때문에 "Debug\0713과제.unsuccessfulbuild"을(를) 만들고 있습니다.
       ClCompile:
         C:\Program Files\Microsoft Visual Studio 10.0\VC\bin\CL.exe /c /ZI /nologo /W3 /WX- /Od /Oy- /D WIN32 /D _DEBUG /D _CONSOLE /D _UNICODE /D UNICODE /Gm /EHsc /RTC1 /MDd /GS /fp:precise /Zc:wchar_t /Zc:forScope /Fo"Debug\\" /Fd"Debug\vc100.pdb" /Gd /TC /analyze- /errorReport:prompt "201255039_이재국.c"
         201255039_이재국.c
     1>d:\project\c언어\0713과제\0713과제\201255039_이재국.c(39): warning C4996: 'scanf': This function or variable may be unsafe. Consider using scanf_s instead. To disable deprecation, use _CRT_SECURE_NO_WARNINGS. See online help for details.
                 c:\program files\microsoft visual studio 10.0\vc\include\stdio.h(304) : 'scanf' 선언을 참조하십시오.
     1>d:\project\c언어\0713과제\0713과제\201255039_이재국.c(51): warning C4101: 'j' :참조되지 않은 지역 변수입니다.
     1>d:\project\c언어\0713과제\0713과제\201255039_이재국.c(59): warning C4101: 'arr2' :참조되지 않은 지역 변수입니다.
       Link:
         C:\Program Files\Microsoft Visual Studio 10.0\VC\bin\link.exe /ERRORREPORT:PROMPT /OUT:"D:\Project\C언어\0713과제\Debug\0713과제.exe" /INCREMENTAL:NO /NOLOGO kernel32.lib user32.lib gdi32.lib winspool.lib comdlg32.lib advapi32.lib shell32.lib ole32.lib oleaut32.lib uuid.lib odbc32.lib odbccp32.lib /MANIFEST /ManifestFile:"Debug\0713과제.exe.intermediate.manifest" /MANIFESTUAC:"level='asInvoker' uiAccess='false'" /DEBUG /PDB:"D:\Project\C언어\0713과제\Debug\0713과제.pdb" /SUBSYSTEM:CONSOLE /TLBID:1 /DYNAMICBASE /NXCOMPAT /IMPLIB:"D:\Project\C언어\0713과제\Debug\0713과제.lib" /MACHINE:X86 "Debug\201255039_이재국.obj"
     1>201255039_이재국.obj : warning LNK4075: '/EDITANDCONTINUE'이(가) '/INCREMENTAL:NO' 사양으로 인해 무시됩니다.
         0713과제.vcxproj -> D:\Project\C언어\0713과제\Debug\0713과제.exe
       Manifest:
         C:\Program Files\Microsoft SDKs\Windows\v7.0A\bin\mt.exe /nologo /verbose /outputresource:"D:\Project\C언어\0713과제\Debug\0713과제.exe;#1" /manifest "Debug\0713과제.exe.intermediate.manifest"
       FinalizeBuildStatus:
         "Debug\0713과제.unsuccessfulbuild" 파일을 삭제하고 있습니다.
         "Debug\0713과제.lastbuildstate"에 연결(touching)하고 있습니다.
     1>"D:\Project\C언어\0713과제\0713과제\0713과제.vcxproj" 프로젝트를 빌드했습니다(build 대상).

빌드했습니다.

경과 시간: 00:00:00.56
