D:\PROJECT\C++언어\EX160805\DEBUG\TELPHONEBOOKAPP3.EXE
D:\PROJECT\C++언어\EX160805\DEBUG\TELPHONEBOOKAPP3.ILK
D:\PROJECT\C++언어\EX160805\DEBUG\TELPHONEBOOKAPP3.PDB
D:\PROJECT\C++언어\EX160805\DEBUG\TELPHONEBOOKAPP4.EXE
D:\PROJECT\C++언어\EX160805\DEBUG\TELPHONEBOOKAPP4.ILK
D:\PROJECT\C++언어\EX160805\DEBUG\TELPHONEBOOKAPP4.PDB
D:\PROJECT\C++언어\EX160805\TELPHONEBOOKAPP3\DEBUG\MAIN.OBJ
D:\PROJECT\C++언어\EX160805\TELPHONEBOOKAPP3\DEBUG\PERSON.OBJ
D:\PROJECT\C++언어\EX160805\TELPHONEBOOKAPP3\DEBUG\STRING.OBJ
D:\PROJECT\C++언어\EX160805\TELPHONEBOOKAPP3\DEBUG\TELPHONEBOOK.OBJ
D:\PROJECT\C++언어\EX160805\TELPHONEBOOKAPP3\DEBUG\TELPHONEBOOKAPP3.EXE.EMBED.MANIFEST
D:\PROJECT\C++언어\EX160805\TELPHONEBOOKAPP3\DEBUG\TELPHONEBOOKAPP3.EXE.EMBED.MANIFEST.RES
D:\PROJECT\C++언어\EX160805\TELPHONEBOOKAPP3\DEBUG\TELPHONEBOOKAPP3.EXE.INTERMEDIATE.MANIFEST
D:\PROJECT\C++언어\EX160805\TELPHONEBOOKAPP3\DEBUG\VC100.PDB
D:\Project\C++언어\ex160805\TelPhoneBookApp4\Debug\cl.command.1.tlog
D:\Project\C++언어\ex160805\TelPhoneBookApp4\Debug\CL.read.1.tlog
D:\Project\C++언어\ex160805\TelPhoneBookApp4\Debug\CL.write.1.tlog
D:\Project\C++언어\ex160805\TelPhoneBookApp4\Debug\link.1060.read.1.tlog
D:\Project\C++언어\ex160805\TelPhoneBookApp4\Debug\link.1060.write.1.tlog
D:\Project\C++언어\ex160805\TelPhoneBookApp4\Debug\link.1060-cvtres.read.1.tlog
D:\Project\C++언어\ex160805\TelPhoneBookApp4\Debug\link.1060-cvtres.write.1.tlog
D:\Project\C++언어\ex160805\TelPhoneBookApp4\Debug\link.3556.read.1.tlog
D:\Project\C++언어\ex160805\TelPhoneBookApp4\Debug\link.3556.write.1.tlog
D:\Project\C++언어\ex160805\TelPhoneBookApp4\Debug\link.3556-cvtres.read.1.tlog
D:\Project\C++언어\ex160805\TelPhoneBookApp4\Debug\link.3556-cvtres.write.1.tlog
D:\Project\C++언어\ex160805\TelPhoneBookApp4\Debug\link.command.1.tlog
D:\Project\C++언어\ex160805\TelPhoneBookApp4\Debug\link.read.1.tlog
D:\Project\C++언어\ex160805\TelPhoneBookApp4\Debug\link.write.1.tlog
D:\Project\C++언어\ex160805\TelPhoneBookApp4\Debug\link-cvtres.read.1.tlog
D:\Project\C++언어\ex160805\TelPhoneBookApp4\Debug\link-cvtres.write.1.tlog
D:\PROJECT\C++언어\EX160805\TELPHONEBOOKAPP4\DEBUG\MAIN.OBJ
D:\Project\C++언어\ex160805\TelPhoneBookApp4\Debug\mt.command.1.tlog
D:\Project\C++언어\ex160805\TelPhoneBookApp4\Debug\mt.read.1.tlog
D:\Project\C++언어\ex160805\TelPhoneBookApp4\Debug\mt.write.1.tlog
D:\PROJECT\C++언어\EX160805\TELPHONEBOOKAPP4\DEBUG\PERSON.OBJ
D:\Project\C++언어\ex160805\TelPhoneBookApp4\Debug\rc.command.1.tlog
D:\Project\C++언어\ex160805\TelPhoneBookApp4\Debug\rc.read.1.tlog
D:\Project\C++언어\ex160805\TelPhoneBookApp4\Debug\rc.write.1.tlog
D:\PROJECT\C++언어\EX160805\TELPHONEBOOKAPP4\DEBUG\STRING.OBJ
D:\PROJECT\C++언어\EX160805\TELPHONEBOOKAPP4\DEBUG\TELPHONEBOOK.OBJ
D:\Project\C++언어\ex160805\TelPhoneBookApp4\Debug\TelPhoneBookApp3.exe.embed.manifest
D:\Project\C++언어\ex160805\TelPhoneBookApp4\Debug\TelPhoneBookApp3.exe.embed.manifest.res
D:\Project\C++언어\ex160805\TelPhoneBookApp4\Debug\TelPhoneBookApp3.exe.intermediate.manifest
D:\Project\C++언어\ex160805\TelPhoneBookApp4\Debug\TelPhoneBookApp3_manifest.rc
D:\PROJECT\C++언어\EX160805\TELPHONEBOOKAPP4\DEBUG\TELPHONEBOOKAPP4.EXE.EMBED.MANIFEST
D:\PROJECT\C++언어\EX160805\TELPHONEBOOKAPP4\DEBUG\TELPHONEBOOKAPP4.EXE.EMBED.MANIFEST.RES
D:\PROJECT\C++언어\EX160805\TELPHONEBOOKAPP4\DEBUG\TELPHONEBOOKAPP4.EXE.INTERMEDIATE.MANIFEST
D:\Project\C++언어\ex160805\TelPhoneBookApp4\Debug\TelPhoneBookApp4_manifest.rc
D:\Project\C++언어\ex160805\TelPhoneBookApp4\Debug\vc100.idb
D:\PROJECT\C++언어\EX160805\TELPHONEBOOKAPP4\DEBUG\VC100.PDB
