D:\PROJECT\C++언어\EX160805\DEBUG\TELPHONEBOOKAPP4.EXE
D:\PROJECT\C++언어\EX160805\DEBUG\TELPHONEBOOKAPP4.ILK
D:\PROJECT\C++언어\EX160805\DEBUG\TELPHONEBOOKAPP4.PDB
D:\PROJECT\C++언어\EX160805\TELPHONEBOOKAPP4\DEBUG\MAIN.OBJ
D:\PROJECT\C++언어\EX160805\TELPHONEBOOKAPP4\DEBUG\PERSON.OBJ
D:\PROJECT\C++언어\EX160805\TELPHONEBOOKAPP4\DEBUG\STRING.OBJ
D:\PROJECT\C++언어\EX160805\TELPHONEBOOKAPP4\DEBUG\TELPHONEBOOK.OBJ
D:\PROJECT\C++언어\EX160805\TELPHONEBOOKAPP4\DEBUG\TELPHONEBOOKAPP4.EXE.EMBED.MANIFEST
D:\PROJECT\C++언어\EX160805\TELPHONEBOOKAPP4\DEBUG\TELPHONEBOOKAPP4.EXE.EMBED.MANIFEST.RES
D:\PROJECT\C++언어\EX160805\TELPHONEBOOKAPP4\DEBUG\TELPHONEBOOKAPP4.EXE.INTERMEDIATE.MANIFEST
D:\PROJECT\C++언어\EX160805\TELPHONEBOOKAPP4\DEBUG\VC100.PDB
D:\Project\C++언어\ex160805\TelPhoneBookApp5\Debug\cl.command.1.tlog
D:\Project\C++언어\ex160805\TelPhoneBookApp5\Debug\CL.read.1.tlog
D:\Project\C++언어\ex160805\TelPhoneBookApp5\Debug\CL.write.1.tlog
D:\Project\C++언어\ex160805\TelPhoneBookApp5\Debug\link.3468.read.1.tlog
D:\Project\C++언어\ex160805\TelPhoneBookApp5\Debug\link.3468.write.1.tlog
D:\Project\C++언어\ex160805\TelPhoneBookApp5\Debug\link.3468-cvtres.read.1.tlog
D:\Project\C++언어\ex160805\TelPhoneBookApp5\Debug\link.3468-cvtres.write.1.tlog
D:\Project\C++언어\ex160805\TelPhoneBookApp5\Debug\link.command.1.tlog
D:\Project\C++언어\ex160805\TelPhoneBookApp5\Debug\link.read.1.tlog
D:\Project\C++언어\ex160805\TelPhoneBookApp5\Debug\link.write.1.tlog
D:\Project\C++언어\ex160805\TelPhoneBookApp5\Debug\link-cvtres.read.1.tlog
D:\Project\C++언어\ex160805\TelPhoneBookApp5\Debug\link-cvtres.write.1.tlog
D:\Project\C++언어\ex160805\TelPhoneBookApp5\Debug\main.obj
D:\Project\C++언어\ex160805\TelPhoneBookApp5\Debug\mt.command.1.tlog
D:\Project\C++언어\ex160805\TelPhoneBookApp5\Debug\mt.read.1.tlog
D:\Project\C++언어\ex160805\TelPhoneBookApp5\Debug\mt.write.1.tlog
D:\Project\C++언어\ex160805\TelPhoneBookApp5\Debug\Person.obj
D:\Project\C++언어\ex160805\TelPhoneBookApp5\Debug\rc.command.1.tlog
D:\Project\C++언어\ex160805\TelPhoneBookApp5\Debug\rc.read.1.tlog
D:\Project\C++언어\ex160805\TelPhoneBookApp5\Debug\rc.write.1.tlog
D:\PROJECT\C++언어\EX160805\TELPHONEBOOKAPP5\DEBUG\STRING.OBJ
D:\Project\C++언어\ex160805\TelPhoneBookApp5\Debug\TelPhoneBook.obj
D:\Project\C++언어\ex160805\TelPhoneBookApp5\Debug\TelPhoneBookApp4.exe.embed.manifest
D:\Project\C++언어\ex160805\TelPhoneBookApp5\Debug\TelPhoneBookApp4.exe.embed.manifest.res
D:\Project\C++언어\ex160805\TelPhoneBookApp5\Debug\TelPhoneBookApp4.exe.intermediate.manifest
D:\Project\C++언어\ex160805\TelPhoneBookApp5\Debug\TelPhoneBookApp4_manifest.rc
D:\Project\C++언어\ex160805\TelPhoneBookApp5\Debug\vc100.idb
D:\PROJECT\C++언어\EX160805\TELPHONEBOOKAPP5\DEBUG\VC100.PDB
