D:\PROJECT\C++언어\EX160809\DEBUG\EX160809.EXE
D:\PROJECT\C++언어\EX160809\DEBUG\EX160809.ILK
D:\PROJECT\C++언어\EX160809\DEBUG\EX160809.PDB
D:\Project\C++언어\ex160809\ex160809\Debug\cl.command.1.tlog
D:\Project\C++언어\ex160809\ex160809\Debug\CL.read.1.tlog
D:\Project\C++언어\ex160809\ex160809\Debug\CL.write.1.tlog
D:\PROJECT\C++언어\EX160809\EX160809\DEBUG\EX160809.EXE.EMBED.MANIFEST
D:\PROJECT\C++언어\EX160809\EX160809\DEBUG\EX160809.EXE.EMBED.MANIFEST.RES
D:\PROJECT\C++언어\EX160809\EX160809\DEBUG\EX160809.EXE.INTERMEDIATE.MANIFEST
D:\Project\C++언어\ex160809\ex160809\Debug\ex160809_manifest.rc
D:\Project\C++언어\ex160809\ex160809\Debug\link.1180.read.1.tlog
D:\Project\C++언어\ex160809\ex160809\Debug\link.1180.write.1.tlog
D:\Project\C++언어\ex160809\ex160809\Debug\link.1180-cvtres.read.1.tlog
D:\Project\C++언어\ex160809\ex160809\Debug\link.1180-cvtres.write.1.tlog
D:\Project\C++언어\ex160809\ex160809\Debug\link.1208.read.1.tlog
D:\Project\C++언어\ex160809\ex160809\Debug\link.1208.write.1.tlog
D:\Project\C++언어\ex160809\ex160809\Debug\link.1208-cvtres.read.1.tlog
D:\Project\C++언어\ex160809\ex160809\Debug\link.1208-cvtres.write.1.tlog
D:\Project\C++언어\ex160809\ex160809\Debug\link.1560.read.1.tlog
D:\Project\C++언어\ex160809\ex160809\Debug\link.1560.write.1.tlog
D:\Project\C++언어\ex160809\ex160809\Debug\link.1560-cvtres.read.1.tlog
D:\Project\C++언어\ex160809\ex160809\Debug\link.1560-cvtres.write.1.tlog
D:\Project\C++언어\ex160809\ex160809\Debug\link.1688.read.1.tlog
D:\Project\C++언어\ex160809\ex160809\Debug\link.1688.write.1.tlog
D:\Project\C++언어\ex160809\ex160809\Debug\link.1688-cvtres.read.1.tlog
D:\Project\C++언어\ex160809\ex160809\Debug\link.1688-cvtres.write.1.tlog
D:\Project\C++언어\ex160809\ex160809\Debug\link.1896.read.1.tlog
D:\Project\C++언어\ex160809\ex160809\Debug\link.1896.write.1.tlog
D:\Project\C++언어\ex160809\ex160809\Debug\link.1896-cvtres.read.1.tlog
D:\Project\C++언어\ex160809\ex160809\Debug\link.1896-cvtres.write.1.tlog
D:\Project\C++언어\ex160809\ex160809\Debug\link.1904.read.1.tlog
D:\Project\C++언어\ex160809\ex160809\Debug\link.1904.write.1.tlog
D:\Project\C++언어\ex160809\ex160809\Debug\link.1904-cvtres.read.1.tlog
D:\Project\C++언어\ex160809\ex160809\Debug\link.1904-cvtres.write.1.tlog
D:\Project\C++언어\ex160809\ex160809\Debug\link.196.read.1.tlog
D:\Project\C++언어\ex160809\ex160809\Debug\link.196.write.1.tlog
D:\Project\C++언어\ex160809\ex160809\Debug\link.196-cvtres.read.1.tlog
D:\Project\C++언어\ex160809\ex160809\Debug\link.196-cvtres.write.1.tlog
D:\Project\C++언어\ex160809\ex160809\Debug\link.2068.read.1.tlog
D:\Project\C++언어\ex160809\ex160809\Debug\link.2068.write.1.tlog
D:\Project\C++언어\ex160809\ex160809\Debug\link.2068-cvtres.read.1.tlog
D:\Project\C++언어\ex160809\ex160809\Debug\link.2068-cvtres.write.1.tlog
D:\Project\C++언어\ex160809\ex160809\Debug\link.2488.read.1.tlog
D:\Project\C++언어\ex160809\ex160809\Debug\link.2488.write.1.tlog
D:\Project\C++언어\ex160809\ex160809\Debug\link.2488-cvtres.read.1.tlog
D:\Project\C++언어\ex160809\ex160809\Debug\link.2488-cvtres.write.1.tlog
D:\Project\C++언어\ex160809\ex160809\Debug\link.2900.read.1.tlog
D:\Project\C++언어\ex160809\ex160809\Debug\link.2900.write.1.tlog
D:\Project\C++언어\ex160809\ex160809\Debug\link.2900-cvtres.read.1.tlog
D:\Project\C++언어\ex160809\ex160809\Debug\link.2900-cvtres.write.1.tlog
D:\Project\C++언어\ex160809\ex160809\Debug\link.3132.read.1.tlog
D:\Project\C++언어\ex160809\ex160809\Debug\link.3132.write.1.tlog
D:\Project\C++언어\ex160809\ex160809\Debug\link.3132-cvtres.read.1.tlog
D:\Project\C++언어\ex160809\ex160809\Debug\link.3132-cvtres.write.1.tlog
D:\Project\C++언어\ex160809\ex160809\Debug\link.3464.read.1.tlog
D:\Project\C++언어\ex160809\ex160809\Debug\link.3464.write.1.tlog
D:\Project\C++언어\ex160809\ex160809\Debug\link.3464-cvtres.read.1.tlog
D:\Project\C++언어\ex160809\ex160809\Debug\link.3464-cvtres.write.1.tlog
D:\Project\C++언어\ex160809\ex160809\Debug\link.3528.read.1.tlog
D:\Project\C++언어\ex160809\ex160809\Debug\link.3528.write.1.tlog
D:\Project\C++언어\ex160809\ex160809\Debug\link.3528-cvtres.read.1.tlog
D:\Project\C++언어\ex160809\ex160809\Debug\link.3528-cvtres.write.1.tlog
D:\Project\C++언어\ex160809\ex160809\Debug\link.3652.read.1.tlog
D:\Project\C++언어\ex160809\ex160809\Debug\link.3652.write.1.tlog
D:\Project\C++언어\ex160809\ex160809\Debug\link.3652-cvtres.read.1.tlog
D:\Project\C++언어\ex160809\ex160809\Debug\link.3652-cvtres.write.1.tlog
D:\Project\C++언어\ex160809\ex160809\Debug\link.3760.read.1.tlog
D:\Project\C++언어\ex160809\ex160809\Debug\link.3760.write.1.tlog
D:\Project\C++언어\ex160809\ex160809\Debug\link.3760-cvtres.read.1.tlog
D:\Project\C++언어\ex160809\ex160809\Debug\link.3760-cvtres.write.1.tlog
D:\Project\C++언어\ex160809\ex160809\Debug\link.3836.read.1.tlog
D:\Project\C++언어\ex160809\ex160809\Debug\link.3836.write.1.tlog
D:\Project\C++언어\ex160809\ex160809\Debug\link.3836-cvtres.read.1.tlog
D:\Project\C++언어\ex160809\ex160809\Debug\link.3836-cvtres.write.1.tlog
D:\Project\C++언어\ex160809\ex160809\Debug\link.3856.read.1.tlog
D:\Project\C++언어\ex160809\ex160809\Debug\link.3856.write.1.tlog
D:\Project\C++언어\ex160809\ex160809\Debug\link.3856-cvtres.read.1.tlog
D:\Project\C++언어\ex160809\ex160809\Debug\link.3856-cvtres.write.1.tlog
D:\Project\C++언어\ex160809\ex160809\Debug\link.3888.read.1.tlog
D:\Project\C++언어\ex160809\ex160809\Debug\link.3888.write.1.tlog
D:\Project\C++언어\ex160809\ex160809\Debug\link.3888-cvtres.read.1.tlog
D:\Project\C++언어\ex160809\ex160809\Debug\link.3888-cvtres.write.1.tlog
D:\Project\C++언어\ex160809\ex160809\Debug\link.4016.read.1.tlog
D:\Project\C++언어\ex160809\ex160809\Debug\link.4016.write.1.tlog
D:\Project\C++언어\ex160809\ex160809\Debug\link.4016-cvtres.read.1.tlog
D:\Project\C++언어\ex160809\ex160809\Debug\link.4016-cvtres.write.1.tlog
D:\Project\C++언어\ex160809\ex160809\Debug\link.4092.read.1.tlog
D:\Project\C++언어\ex160809\ex160809\Debug\link.4092.write.1.tlog
D:\Project\C++언어\ex160809\ex160809\Debug\link.4092-cvtres.read.1.tlog
D:\Project\C++언어\ex160809\ex160809\Debug\link.4092-cvtres.write.1.tlog
D:\Project\C++언어\ex160809\ex160809\Debug\link.904.read.1.tlog
D:\Project\C++언어\ex160809\ex160809\Debug\link.904.write.1.tlog
D:\Project\C++언어\ex160809\ex160809\Debug\link.904-cvtres.read.1.tlog
D:\Project\C++언어\ex160809\ex160809\Debug\link.904-cvtres.write.1.tlog
D:\Project\C++언어\ex160809\ex160809\Debug\link.908.read.1.tlog
D:\Project\C++언어\ex160809\ex160809\Debug\link.908.write.1.tlog
D:\Project\C++언어\ex160809\ex160809\Debug\link.908-cvtres.read.1.tlog
D:\Project\C++언어\ex160809\ex160809\Debug\link.908-cvtres.write.1.tlog
D:\Project\C++언어\ex160809\ex160809\Debug\link.command.1.tlog
D:\Project\C++언어\ex160809\ex160809\Debug\link.read.1.tlog
D:\Project\C++언어\ex160809\ex160809\Debug\link.write.1.tlog
D:\Project\C++언어\ex160809\ex160809\Debug\link-cvtres.read.1.tlog
D:\Project\C++언어\ex160809\ex160809\Debug\link-cvtres.write.1.tlog
D:\PROJECT\C++언어\EX160809\EX160809\DEBUG\MAIN.OBJ
D:\Project\C++언어\ex160809\ex160809\Debug\mt.command.1.tlog
D:\Project\C++언어\ex160809\ex160809\Debug\mt.read.1.tlog
D:\Project\C++언어\ex160809\ex160809\Debug\mt.write.1.tlog
D:\Project\C++언어\ex160809\ex160809\Debug\rc.command.1.tlog
D:\Project\C++언어\ex160809\ex160809\Debug\rc.read.1.tlog
D:\Project\C++언어\ex160809\ex160809\Debug\rc.write.1.tlog
D:\Project\C++언어\ex160809\ex160809\Debug\vc100.idb
D:\PROJECT\C++언어\EX160809\EX160809\DEBUG\VC100.PDB
