D:\PROJECT\C++언어\EX0817\DEBUG\EX0817.EXE
D:\PROJECT\C++언어\EX0817\DEBUG\EX0817.ILK
D:\PROJECT\C++언어\EX0817\DEBUG\EX0817.PDB
D:\Project\C++언어\ex0817\ex0817\Debug\cl.command.1.tlog
D:\Project\C++언어\ex0817\ex0817\Debug\CL.read.1.tlog
D:\Project\C++언어\ex0817\ex0817\Debug\CL.write.1.tlog
D:\PROJECT\C++언어\EX0817\EX0817\DEBUG\EX0817.EXE.EMBED.MANIFEST
D:\PROJECT\C++언어\EX0817\EX0817\DEBUG\EX0817.EXE.EMBED.MANIFEST.RES
D:\PROJECT\C++언어\EX0817\EX0817\DEBUG\EX0817.EXE.INTERMEDIATE.MANIFEST
D:\Project\C++언어\ex0817\ex0817\Debug\ex0817_manifest.rc
D:\Project\C++언어\ex0817\ex0817\Debug\link.2096.read.1.tlog
D:\Project\C++언어\ex0817\ex0817\Debug\link.2096.write.1.tlog
D:\Project\C++언어\ex0817\ex0817\Debug\link.2096-cvtres.read.1.tlog
D:\Project\C++언어\ex0817\ex0817\Debug\link.2096-cvtres.write.1.tlog
D:\Project\C++언어\ex0817\ex0817\Debug\link.3976.read.1.tlog
D:\Project\C++언어\ex0817\ex0817\Debug\link.3976.write.1.tlog
D:\Project\C++언어\ex0817\ex0817\Debug\link.3976-cvtres.read.1.tlog
D:\Project\C++언어\ex0817\ex0817\Debug\link.3976-cvtres.write.1.tlog
D:\Project\C++언어\ex0817\ex0817\Debug\link.command.1.tlog
D:\Project\C++언어\ex0817\ex0817\Debug\link.read.1.tlog
D:\Project\C++언어\ex0817\ex0817\Debug\link.write.1.tlog
D:\Project\C++언어\ex0817\ex0817\Debug\link-cvtres.read.1.tlog
D:\Project\C++언어\ex0817\ex0817\Debug\link-cvtres.write.1.tlog
D:\PROJECT\C++언어\EX0817\EX0817\DEBUG\MAIN.OBJ
D:\Project\C++언어\ex0817\ex0817\Debug\mt.command.1.tlog
D:\Project\C++언어\ex0817\ex0817\Debug\mt.read.1.tlog
D:\Project\C++언어\ex0817\ex0817\Debug\mt.write.1.tlog
D:\Project\C++언어\ex0817\ex0817\Debug\rc.command.1.tlog
D:\Project\C++언어\ex0817\ex0817\Debug\rc.read.1.tlog
D:\Project\C++언어\ex0817\ex0817\Debug\rc.write.1.tlog
D:\Project\C++언어\ex0817\ex0817\Debug\vc100.idb
D:\PROJECT\C++언어\EX0817\EX0817\DEBUG\VC100.PDB
