D:\PROJECT\C++언어\EX0817\DEBUG\LISTAPP2.EXE
D:\PROJECT\C++언어\EX0817\DEBUG\LISTAPP2.ILK
D:\PROJECT\C++언어\EX0817\DEBUG\LISTAPP2.PDB
D:\Project\C++언어\ex0817\ListApp2\Debug\cl.command.1.tlog
D:\Project\C++언어\ex0817\ListApp2\Debug\CL.read.1.tlog
D:\Project\C++언어\ex0817\ListApp2\Debug\CL.write.1.tlog
D:\Project\C++언어\ex0817\ListApp2\Debug\link.command.1.tlog
D:\Project\C++언어\ex0817\ListApp2\Debug\link.read.1.tlog
D:\Project\C++언어\ex0817\ListApp2\Debug\link.write.1.tlog
D:\Project\C++언어\ex0817\ListApp2\Debug\link-cvtres.read.1.tlog
D:\Project\C++언어\ex0817\ListApp2\Debug\link-cvtres.write.1.tlog
D:\PROJECT\C++언어\EX0817\LISTAPP2\DEBUG\LISTAPP2.EXE.EMBED.MANIFEST
D:\PROJECT\C++언어\EX0817\LISTAPP2\DEBUG\LISTAPP2.EXE.EMBED.MANIFEST.RES
D:\PROJECT\C++언어\EX0817\LISTAPP2\DEBUG\LISTAPP2.EXE.INTERMEDIATE.MANIFEST
D:\Project\C++언어\ex0817\ListApp2\Debug\ListApp2_manifest.rc
D:\PROJECT\C++언어\EX0817\LISTAPP2\DEBUG\MAIN.OBJ
D:\Project\C++언어\ex0817\ListApp2\Debug\mt.command.1.tlog
D:\Project\C++언어\ex0817\ListApp2\Debug\mt.read.1.tlog
D:\Project\C++언어\ex0817\ListApp2\Debug\mt.write.1.tlog
D:\Project\C++언어\ex0817\ListApp2\Debug\rc.command.1.tlog
D:\Project\C++언어\ex0817\ListApp2\Debug\rc.read.1.tlog
D:\Project\C++언어\ex0817\ListApp2\Debug\rc.write.1.tlog
D:\Project\C++언어\ex0817\ListApp2\Debug\vc100.idb
D:\PROJECT\C++언어\EX0817\LISTAPP2\DEBUG\VC100.PDB
