빌드 시작: 2016-08-22 오후 4:34:54
     1>2 노드의 "D:\Project\C++언어\자료구조시험\자료구조시험\자료구조시험.vcxproj" 프로젝트(build 대상)입니다.
     1>InitializeBuildStatus:
         "AlwaysCreate"이(가) 지정되었기 때문에 "Debug\자료구조시험.unsuccessfulbuild"을(를) 만들고 있습니다.
       ClCompile:
         C:\Program Files\Microsoft Visual Studio 10.0\VC\bin\CL.exe /c /ZI /nologo /W3 /WX- /Od /Oy- /D WIN32 /D _DEBUG /D _CONSOLE /D _UNICODE /D UNICODE /Gm /EHsc /RTC1 /MDd /GS /fp:precise /Zc:wchar_t /Zc:forScope /Fo"Debug\\" /Fd"Debug\vc100.pdb" /Gd /TP /analyze- /errorReport:prompt "201255039_이재국.cpp"
         201255039_이재국.cpp
       ManifestResourceCompile:
         모든 출력이 최신 상태입니다.
       Link:
         C:\Program Files\Microsoft Visual Studio 10.0\VC\bin\link.exe /ERRORREPORT:PROMPT /OUT:"D:\Project\C++언어\자료구조시험\Debug\자료구조시험.exe" /INCREMENTAL /NOLOGO kernel32.lib user32.lib gdi32.lib winspool.lib comdlg32.lib advapi32.lib shell32.lib ole32.lib oleaut32.lib uuid.lib odbc32.lib odbccp32.lib /MANIFEST /ManifestFile:"Debug\자료구조시험.exe.intermediate.manifest" /MANIFESTUAC:"level='asInvoker' uiAccess='false'" /DEBUG /PDB:"D:\Project\C++언어\자료구조시험\Debug\자료구조시험.pdb" /SUBSYSTEM:CONSOLE /TLBID:1 /DYNAMICBASE /NXCOMPAT /IMPLIB:"D:\Project\C++언어\자료구조시험\Debug\자료구조시험.lib" /MACHINE:X86 "Debug\자료구조시험.exe.embed.manifest.res"
         "Debug\201255039_이재국.obj"
       Manifest:
         C:\Program Files\Microsoft SDKs\Windows\v7.0A\bin\mt.exe /nologo /verbose /out:"Debug\자료구조시험.exe.embed.manifest" /manifest "Debug\자료구조시험.exe.intermediate.manifest"
         모든 출력이 최신 상태입니다.
       LinkEmbedManifest:
         모든 출력이 최신 상태입니다.
         자료구조시험.vcxproj -> D:\Project\C++언어\자료구조시험\Debug\자료구조시험.exe
       FinalizeBuildStatus:
         "Debug\자료구조시험.unsuccessfulbuild" 파일을 삭제하고 있습니다.
         "Debug\자료구조시험.lastbuildstate"에 연결(touching)하고 있습니다.
     1>"D:\Project\C++언어\자료구조시험\자료구조시험\자료구조시험.vcxproj" 프로젝트를 빌드했습니다(build 대상).

빌드했습니다.

경과 시간: 00:00:00.70
