D:\PROJECT\C++언어\EXAMINATION\DEBUG\EXAMINATION.EXE
D:\PROJECT\C++언어\EXAMINATION\DEBUG\EXAMINATION.ILK
D:\PROJECT\C++언어\EXAMINATION\DEBUG\EXAMINATION.PDB
D:\Project\C++언어\examination\examination\Debug\cl.command.1.tlog
D:\Project\C++언어\examination\examination\Debug\CL.read.1.tlog
D:\Project\C++언어\examination\examination\Debug\CL.write.1.tlog
D:\PROJECT\C++언어\EXAMINATION\EXAMINATION\DEBUG\CONTRAST_EXAM.OBJ
D:\PROJECT\C++언어\EXAMINATION\EXAMINATION\DEBUG\EXAMINATION.EXE.EMBED.MANIFEST
D:\PROJECT\C++언어\EXAMINATION\EXAMINATION\DEBUG\EXAMINATION.EXE.EMBED.MANIFEST.RES
D:\PROJECT\C++언어\EXAMINATION\EXAMINATION\DEBUG\EXAMINATION.EXE.INTERMEDIATE.MANIFEST
D:\Project\C++언어\examination\examination\Debug\examination_manifest.rc
D:\Project\C++언어\examination\examination\Debug\link.1956.read.1.tlog
D:\Project\C++언어\examination\examination\Debug\link.1956.write.1.tlog
D:\Project\C++언어\examination\examination\Debug\link.1956-cvtres.read.1.tlog
D:\Project\C++언어\examination\examination\Debug\link.1956-cvtres.write.1.tlog
D:\Project\C++언어\examination\examination\Debug\link.2160.read.1.tlog
D:\Project\C++언어\examination\examination\Debug\link.2160.write.1.tlog
D:\Project\C++언어\examination\examination\Debug\link.2160-cvtres.read.1.tlog
D:\Project\C++언어\examination\examination\Debug\link.2160-cvtres.write.1.tlog
D:\Project\C++언어\examination\examination\Debug\link.2232.read.1.tlog
D:\Project\C++언어\examination\examination\Debug\link.2232.write.1.tlog
D:\Project\C++언어\examination\examination\Debug\link.2232-cvtres.read.1.tlog
D:\Project\C++언어\examination\examination\Debug\link.2232-cvtres.write.1.tlog
D:\Project\C++언어\examination\examination\Debug\link.4524.read.1.tlog
D:\Project\C++언어\examination\examination\Debug\link.4524.write.1.tlog
D:\Project\C++언어\examination\examination\Debug\link.4524-cvtres.read.1.tlog
D:\Project\C++언어\examination\examination\Debug\link.4524-cvtres.write.1.tlog
D:\Project\C++언어\examination\examination\Debug\link.6084.read.1.tlog
D:\Project\C++언어\examination\examination\Debug\link.6084.write.1.tlog
D:\Project\C++언어\examination\examination\Debug\link.6084-cvtres.read.1.tlog
D:\Project\C++언어\examination\examination\Debug\link.6084-cvtres.write.1.tlog
D:\Project\C++언어\examination\examination\Debug\link.command.1.tlog
D:\Project\C++언어\examination\examination\Debug\link.read.1.tlog
D:\Project\C++언어\examination\examination\Debug\link.write.1.tlog
D:\Project\C++언어\examination\examination\Debug\link-cvtres.read.1.tlog
D:\Project\C++언어\examination\examination\Debug\link-cvtres.write.1.tlog
D:\Project\C++언어\examination\examination\Debug\mt.command.1.tlog
D:\Project\C++언어\examination\examination\Debug\mt.read.1.tlog
D:\Project\C++언어\examination\examination\Debug\mt.write.1.tlog
D:\Project\C++언어\examination\examination\Debug\rc.command.1.tlog
D:\Project\C++언어\examination\examination\Debug\rc.read.1.tlog
D:\Project\C++언어\examination\examination\Debug\rc.write.1.tlog
D:\Project\C++언어\examination\examination\Debug\vc100.idb
D:\PROJECT\C++언어\EXAMINATION\EXAMINATION\DEBUG\VC100.PDB
