D:\PROJECT\C++언어\EX160808\DEBUG\EX160808.EXE
D:\PROJECT\C++언어\EX160808\DEBUG\EX160808.ILK
D:\PROJECT\C++언어\EX160808\DEBUG\EX160808.PDB
D:\Project\C++언어\ex160808\ex160808\Debug\cl.command.1.tlog
D:\Project\C++언어\ex160808\ex160808\Debug\CL.read.1.tlog
D:\Project\C++언어\ex160808\ex160808\Debug\CL.write.1.tlog
D:\PROJECT\C++언어\EX160808\EX160808\DEBUG\EX160808.EXE.EMBED.MANIFEST
D:\PROJECT\C++언어\EX160808\EX160808\DEBUG\EX160808.EXE.EMBED.MANIFEST.RES
D:\PROJECT\C++언어\EX160808\EX160808\DEBUG\EX160808.EXE.INTERMEDIATE.MANIFEST
D:\Project\C++언어\ex160808\ex160808\Debug\ex160808_manifest.rc
D:\Project\C++언어\ex160808\ex160808\Debug\link.124.read.1.tlog
D:\Project\C++언어\ex160808\ex160808\Debug\link.124.write.1.tlog
D:\Project\C++언어\ex160808\ex160808\Debug\link.124-cvtres.read.1.tlog
D:\Project\C++언어\ex160808\ex160808\Debug\link.124-cvtres.write.1.tlog
D:\Project\C++언어\ex160808\ex160808\Debug\link.1616.read.1.tlog
D:\Project\C++언어\ex160808\ex160808\Debug\link.1616.write.1.tlog
D:\Project\C++언어\ex160808\ex160808\Debug\link.1616-cvtres.read.1.tlog
D:\Project\C++언어\ex160808\ex160808\Debug\link.1616-cvtres.write.1.tlog
D:\Project\C++언어\ex160808\ex160808\Debug\link.212.read.1.tlog
D:\Project\C++언어\ex160808\ex160808\Debug\link.212.write.1.tlog
D:\Project\C++언어\ex160808\ex160808\Debug\link.212-cvtres.read.1.tlog
D:\Project\C++언어\ex160808\ex160808\Debug\link.212-cvtres.write.1.tlog
D:\Project\C++언어\ex160808\ex160808\Debug\link.220.read.1.tlog
D:\Project\C++언어\ex160808\ex160808\Debug\link.220.write.1.tlog
D:\Project\C++언어\ex160808\ex160808\Debug\link.220-cvtres.read.1.tlog
D:\Project\C++언어\ex160808\ex160808\Debug\link.220-cvtres.write.1.tlog
D:\Project\C++언어\ex160808\ex160808\Debug\link.2676.read.1.tlog
D:\Project\C++언어\ex160808\ex160808\Debug\link.2676.write.1.tlog
D:\Project\C++언어\ex160808\ex160808\Debug\link.2676-cvtres.read.1.tlog
D:\Project\C++언어\ex160808\ex160808\Debug\link.2676-cvtres.write.1.tlog
D:\Project\C++언어\ex160808\ex160808\Debug\link.2948.read.1.tlog
D:\Project\C++언어\ex160808\ex160808\Debug\link.2948.write.1.tlog
D:\Project\C++언어\ex160808\ex160808\Debug\link.2948-cvtres.read.1.tlog
D:\Project\C++언어\ex160808\ex160808\Debug\link.2948-cvtres.write.1.tlog
D:\Project\C++언어\ex160808\ex160808\Debug\link.2956.read.1.tlog
D:\Project\C++언어\ex160808\ex160808\Debug\link.2956.write.1.tlog
D:\Project\C++언어\ex160808\ex160808\Debug\link.2956-cvtres.read.1.tlog
D:\Project\C++언어\ex160808\ex160808\Debug\link.2956-cvtres.write.1.tlog
D:\Project\C++언어\ex160808\ex160808\Debug\link.3060.read.1.tlog
D:\Project\C++언어\ex160808\ex160808\Debug\link.3060.write.1.tlog
D:\Project\C++언어\ex160808\ex160808\Debug\link.3060-cvtres.read.1.tlog
D:\Project\C++언어\ex160808\ex160808\Debug\link.3060-cvtres.write.1.tlog
D:\Project\C++언어\ex160808\ex160808\Debug\link.3520.read.1.tlog
D:\Project\C++언어\ex160808\ex160808\Debug\link.3520.write.1.tlog
D:\Project\C++언어\ex160808\ex160808\Debug\link.3520-cvtres.read.1.tlog
D:\Project\C++언어\ex160808\ex160808\Debug\link.3520-cvtres.write.1.tlog
D:\Project\C++언어\ex160808\ex160808\Debug\link.3556.read.1.tlog
D:\Project\C++언어\ex160808\ex160808\Debug\link.3556.write.1.tlog
D:\Project\C++언어\ex160808\ex160808\Debug\link.3556-cvtres.read.1.tlog
D:\Project\C++언어\ex160808\ex160808\Debug\link.3556-cvtres.write.1.tlog
D:\Project\C++언어\ex160808\ex160808\Debug\link.3600.read.1.tlog
D:\Project\C++언어\ex160808\ex160808\Debug\link.3600.write.1.tlog
D:\Project\C++언어\ex160808\ex160808\Debug\link.3600-cvtres.read.1.tlog
D:\Project\C++언어\ex160808\ex160808\Debug\link.3600-cvtres.write.1.tlog
D:\Project\C++언어\ex160808\ex160808\Debug\link.3944.read.1.tlog
D:\Project\C++언어\ex160808\ex160808\Debug\link.3944.write.1.tlog
D:\Project\C++언어\ex160808\ex160808\Debug\link.3944-cvtres.read.1.tlog
D:\Project\C++언어\ex160808\ex160808\Debug\link.3944-cvtres.write.1.tlog
D:\Project\C++언어\ex160808\ex160808\Debug\link.4016.read.1.tlog
D:\Project\C++언어\ex160808\ex160808\Debug\link.4016.write.1.tlog
D:\Project\C++언어\ex160808\ex160808\Debug\link.4016-cvtres.read.1.tlog
D:\Project\C++언어\ex160808\ex160808\Debug\link.4016-cvtres.write.1.tlog
D:\Project\C++언어\ex160808\ex160808\Debug\link.4048.read.1.tlog
D:\Project\C++언어\ex160808\ex160808\Debug\link.4048.write.1.tlog
D:\Project\C++언어\ex160808\ex160808\Debug\link.4048-cvtres.read.1.tlog
D:\Project\C++언어\ex160808\ex160808\Debug\link.4048-cvtres.write.1.tlog
D:\Project\C++언어\ex160808\ex160808\Debug\link.4076.read.1.tlog
D:\Project\C++언어\ex160808\ex160808\Debug\link.4076.write.1.tlog
D:\Project\C++언어\ex160808\ex160808\Debug\link.4076-cvtres.read.1.tlog
D:\Project\C++언어\ex160808\ex160808\Debug\link.4076-cvtres.write.1.tlog
D:\Project\C++언어\ex160808\ex160808\Debug\link.command.1.tlog
D:\Project\C++언어\ex160808\ex160808\Debug\link.read.1.tlog
D:\Project\C++언어\ex160808\ex160808\Debug\link.write.1.tlog
D:\Project\C++언어\ex160808\ex160808\Debug\link-cvtres.read.1.tlog
D:\Project\C++언어\ex160808\ex160808\Debug\link-cvtres.write.1.tlog
D:\PROJECT\C++언어\EX160808\EX160808\DEBUG\MAIN.OBJ
D:\Project\C++언어\ex160808\ex160808\Debug\mt.command.1.tlog
D:\Project\C++언어\ex160808\ex160808\Debug\mt.read.1.tlog
D:\Project\C++언어\ex160808\ex160808\Debug\mt.write.1.tlog
D:\Project\C++언어\ex160808\ex160808\Debug\rc.command.1.tlog
D:\Project\C++언어\ex160808\ex160808\Debug\rc.read.1.tlog
D:\Project\C++언어\ex160808\ex160808\Debug\rc.write.1.tlog
D:\Project\C++언어\ex160808\ex160808\Debug\vc100.idb
D:\PROJECT\C++언어\EX160808\EX160808\DEBUG\VC100.PDB
