D:\PROJECT\C++언어\EX160805\DEBUG\TELPHONEBOOKAPP3.EXE
D:\PROJECT\C++언어\EX160805\DEBUG\TELPHONEBOOKAPP3.ILK
D:\PROJECT\C++언어\EX160805\DEBUG\TELPHONEBOOKAPP3.PDB
D:\Project\C++언어\ex160805\TelPhoneBookApp3\Debug\cl.command.1.tlog
D:\Project\C++언어\ex160805\TelPhoneBookApp3\Debug\CL.read.1.tlog
D:\Project\C++언어\ex160805\TelPhoneBookApp3\Debug\CL.write.1.tlog
D:\Project\C++언어\ex160805\TelPhoneBookApp3\Debug\link.3328.read.1.tlog
D:\Project\C++언어\ex160805\TelPhoneBookApp3\Debug\link.3328.write.1.tlog
D:\Project\C++언어\ex160805\TelPhoneBookApp3\Debug\link.3328-cvtres.read.1.tlog
D:\Project\C++언어\ex160805\TelPhoneBookApp3\Debug\link.3328-cvtres.write.1.tlog
D:\Project\C++언어\ex160805\TelPhoneBookApp3\Debug\link.command.1.tlog
D:\Project\C++언어\ex160805\TelPhoneBookApp3\Debug\link.read.1.tlog
D:\Project\C++언어\ex160805\TelPhoneBookApp3\Debug\link.write.1.tlog
D:\Project\C++언어\ex160805\TelPhoneBookApp3\Debug\link-cvtres.read.1.tlog
D:\Project\C++언어\ex160805\TelPhoneBookApp3\Debug\link-cvtres.write.1.tlog
D:\PROJECT\C++언어\EX160805\TELPHONEBOOKAPP3\DEBUG\MAIN.OBJ
D:\Project\C++언어\ex160805\TelPhoneBookApp3\Debug\mt.command.1.tlog
D:\Project\C++언어\ex160805\TelPhoneBookApp3\Debug\mt.read.1.tlog
D:\Project\C++언어\ex160805\TelPhoneBookApp3\Debug\mt.write.1.tlog
D:\PROJECT\C++언어\EX160805\TELPHONEBOOKAPP3\DEBUG\PERSON.OBJ
D:\Project\C++언어\ex160805\TelPhoneBookApp3\Debug\rc.command.1.tlog
D:\Project\C++언어\ex160805\TelPhoneBookApp3\Debug\rc.read.1.tlog
D:\Project\C++언어\ex160805\TelPhoneBookApp3\Debug\rc.write.1.tlog
D:\PROJECT\C++언어\EX160805\TELPHONEBOOKAPP3\DEBUG\STRING.OBJ
D:\PROJECT\C++언어\EX160805\TELPHONEBOOKAPP3\DEBUG\TELPHONEBOOK.OBJ
D:\PROJECT\C++언어\EX160805\TELPHONEBOOKAPP3\DEBUG\TELPHONEBOOKAPP3.EXE.EMBED.MANIFEST
D:\PROJECT\C++언어\EX160805\TELPHONEBOOKAPP3\DEBUG\TELPHONEBOOKAPP3.EXE.EMBED.MANIFEST.RES
D:\PROJECT\C++언어\EX160805\TELPHONEBOOKAPP3\DEBUG\TELPHONEBOOKAPP3.EXE.INTERMEDIATE.MANIFEST
D:\Project\C++언어\ex160805\TelPhoneBookApp3\Debug\TelPhoneBookApp3_manifest.rc
D:\Project\C++언어\ex160805\TelPhoneBookApp3\Debug\vc100.idb
D:\PROJECT\C++언어\EX160805\TELPHONEBOOKAPP3\DEBUG\VC100.PDB
