빌드 시작: 2016-08-04 오후 4:46:46
     1>2 노드의 "D:\Project\C++언어\ex160804\TelPhoneBookApp\TelPhoneBookApp.vcxproj" 프로젝트(build 대상)입니다.
     1>InitializeBuildStatus:
         "Debug\TelPhoneBookApp.unsuccessfulbuild"에 연결(touching)하고 있습니다.
       ClCompile:
         C:\Program Files\Microsoft Visual Studio 10.0\VC\bin\CL.exe /c /ZI /nologo /W3 /WX- /Od /Oy- /D WIN32 /D _DEBUG /D _CONSOLE /D _UNICODE /D UNICODE /Gm /EHsc /RTC1 /MDd /GS /fp:precise /Zc:wchar_t /Zc:forScope /Fo"Debug\\" /Fd"Debug\vc100.pdb" /Gd /TP /analyze- /errorReport:prompt TelPhoneBook.cpp
         TelPhoneBook.cpp
       ManifestResourceCompile:
         모든 출력이 최신 상태입니다.
       Link:
         C:\Program Files\Microsoft Visual Studio 10.0\VC\bin\link.exe /ERRORREPORT:PROMPT /OUT:"D:\Project\C++언어\ex160804\Debug\TelPhoneBookApp.exe" /INCREMENTAL /NOLOGO kernel32.lib user32.lib gdi32.lib winspool.lib comdlg32.lib advapi32.lib shell32.lib ole32.lib oleaut32.lib uuid.lib odbc32.lib odbccp32.lib /MANIFEST /ManifestFile:"Debug\TelPhoneBookApp.exe.intermediate.manifest" /MANIFESTUAC:"level='asInvoker' uiAccess='false'" /DEBUG /PDB:"D:\Project\C++언어\ex160804\Debug\TelPhoneBookApp.pdb" /SUBSYSTEM:CONSOLE /TLBID:1 /DYNAMICBASE /NXCOMPAT /IMPLIB:"D:\Project\C++언어\ex160804\Debug\TelPhoneBookApp.lib" /MACHINE:X86 Debug\TelPhoneBookApp.exe.embed.manifest.res
         Debug\main.obj
         Debug\Person.obj
         Debug\TelPhoneBook.obj
       Manifest:
         C:\Program Files\Microsoft SDKs\Windows\v7.0A\bin\mt.exe /nologo /verbose /out:"Debug\TelPhoneBookApp.exe.embed.manifest" /manifest Debug\TelPhoneBookApp.exe.intermediate.manifest
         C:\Program Files\Microsoft SDKs\Windows\v7.0A\bin\rc.exe /nologo /fo"Debug\TelPhoneBookApp.exe.embed.manifest.res" Debug\TelPhoneBookApp_manifest.rc 
       LinkEmbedManifest:
         C:\Program Files\Microsoft Visual Studio 10.0\VC\bin\link.exe /ERRORREPORT:PROMPT /OUT:"D:\Project\C++언어\ex160804\Debug\TelPhoneBookApp.exe" /INCREMENTAL /NOLOGO kernel32.lib user32.lib gdi32.lib winspool.lib comdlg32.lib advapi32.lib shell32.lib ole32.lib oleaut32.lib uuid.lib odbc32.lib odbccp32.lib /MANIFEST /ManifestFile:"Debug\TelPhoneBookApp.exe.intermediate.manifest" /MANIFESTUAC:"level='asInvoker' uiAccess='false'" /DEBUG /PDB:"D:\Project\C++언어\ex160804\Debug\TelPhoneBookApp.pdb" /SUBSYSTEM:CONSOLE /TLBID:1 /DYNAMICBASE /NXCOMPAT /IMPLIB:"D:\Project\C++언어\ex160804\Debug\TelPhoneBookApp.lib" /MACHINE:X86 Debug\TelPhoneBookApp.exe.embed.manifest.res
         Debug\main.obj
         Debug\Person.obj
         Debug\TelPhoneBook.obj
         TelPhoneBookApp.vcxproj -> D:\Project\C++언어\ex160804\Debug\TelPhoneBookApp.exe
       FinalizeBuildStatus:
         "Debug\TelPhoneBookApp.unsuccessfulbuild" 파일을 삭제하고 있습니다.
         "Debug\TelPhoneBookApp.lastbuildstate"에 연결(touching)하고 있습니다.
     1>"D:\Project\C++언어\ex160804\TelPhoneBookApp\TelPhoneBookApp.vcxproj" 프로젝트를 빌드했습니다(build 대상).

빌드했습니다.

경과 시간: 00:00:00.98
