D:\PROJECT\C++언어\EX160809\DEBUG\TELPHONEBOOKAPP7.EXE
D:\PROJECT\C++언어\EX160809\DEBUG\TELPHONEBOOKAPP7.ILK
D:\PROJECT\C++언어\EX160809\DEBUG\TELPHONEBOOKAPP7.PDB
D:\Project\C++언어\ex160809\TelPhoneBookApp7\Debug\cl.command.1.tlog
D:\Project\C++언어\ex160809\TelPhoneBookApp7\Debug\CL.read.1.tlog
D:\Project\C++언어\ex160809\TelPhoneBookApp7\Debug\CL.write.1.tlog
D:\Project\C++언어\ex160809\TelPhoneBookApp7\Debug\link.2188.read.1.tlog
D:\Project\C++언어\ex160809\TelPhoneBookApp7\Debug\link.2188.write.1.tlog
D:\Project\C++언어\ex160809\TelPhoneBookApp7\Debug\link.2188-cvtres.read.1.tlog
D:\Project\C++언어\ex160809\TelPhoneBookApp7\Debug\link.2188-cvtres.write.1.tlog
D:\Project\C++언어\ex160809\TelPhoneBookApp7\Debug\link.command.1.tlog
D:\Project\C++언어\ex160809\TelPhoneBookApp7\Debug\link.read.1.tlog
D:\Project\C++언어\ex160809\TelPhoneBookApp7\Debug\link.write.1.tlog
D:\Project\C++언어\ex160809\TelPhoneBookApp7\Debug\link-cvtres.read.1.tlog
D:\Project\C++언어\ex160809\TelPhoneBookApp7\Debug\link-cvtres.write.1.tlog
D:\PROJECT\C++언어\EX160809\TELPHONEBOOKAPP7\DEBUG\MAIN.OBJ
D:\Project\C++언어\ex160809\TelPhoneBookApp7\Debug\mt.command.1.tlog
D:\Project\C++언어\ex160809\TelPhoneBookApp7\Debug\mt.read.1.tlog
D:\Project\C++언어\ex160809\TelPhoneBookApp7\Debug\mt.write.1.tlog
D:\PROJECT\C++언어\EX160809\TELPHONEBOOKAPP7\DEBUG\PERSON.OBJ
D:\PROJECT\C++언어\EX160809\TELPHONEBOOKAPP7\DEBUG\PROFESSOR.OBJ
D:\Project\C++언어\ex160809\TelPhoneBookApp7\Debug\rc.command.1.tlog
D:\Project\C++언어\ex160809\TelPhoneBookApp7\Debug\rc.read.1.tlog
D:\Project\C++언어\ex160809\TelPhoneBookApp7\Debug\rc.write.1.tlog
D:\PROJECT\C++언어\EX160809\TELPHONEBOOKAPP7\DEBUG\STRING.OBJ
D:\PROJECT\C++언어\EX160809\TELPHONEBOOKAPP7\DEBUG\STUDENT.OBJ
D:\PROJECT\C++언어\EX160809\TELPHONEBOOKAPP7\DEBUG\TELPHONEBOOK.OBJ
D:\PROJECT\C++언어\EX160809\TELPHONEBOOKAPP7\DEBUG\TELPHONEBOOKAPP7.EXE.EMBED.MANIFEST
D:\PROJECT\C++언어\EX160809\TELPHONEBOOKAPP7\DEBUG\TELPHONEBOOKAPP7.EXE.EMBED.MANIFEST.RES
D:\PROJECT\C++언어\EX160809\TELPHONEBOOKAPP7\DEBUG\TELPHONEBOOKAPP7.EXE.INTERMEDIATE.MANIFEST
D:\Project\C++언어\ex160809\TelPhoneBookApp7\Debug\TelPhoneBookApp7_manifest.rc
D:\Project\C++언어\ex160809\TelPhoneBookApp7\Debug\vc100.idb
D:\PROJECT\C++언어\EX160809\TELPHONEBOOKAPP7\DEBUG\VC100.PDB
