D:\PROJECT\C++언어\EX160805\DEBUG\TELPHONEBOOKAPP5.EXE
D:\PROJECT\C++언어\EX160805\DEBUG\TELPHONEBOOKAPP5.ILK
D:\PROJECT\C++언어\EX160805\DEBUG\TELPHONEBOOKAPP5.PDB
D:\Project\C++언어\ex160805\TelPhoneBookApp5\Debug\cl.command.1.tlog
D:\Project\C++언어\ex160805\TelPhoneBookApp5\Debug\CL.read.1.tlog
D:\Project\C++언어\ex160805\TelPhoneBookApp5\Debug\CL.write.1.tlog
D:\Project\C++언어\ex160805\TelPhoneBookApp5\Debug\link.3056.read.1.tlog
D:\Project\C++언어\ex160805\TelPhoneBookApp5\Debug\link.3056.write.1.tlog
D:\Project\C++언어\ex160805\TelPhoneBookApp5\Debug\link.3056-cvtres.read.1.tlog
D:\Project\C++언어\ex160805\TelPhoneBookApp5\Debug\link.3056-cvtres.write.1.tlog
D:\Project\C++언어\ex160805\TelPhoneBookApp5\Debug\link.command.1.tlog
D:\Project\C++언어\ex160805\TelPhoneBookApp5\Debug\link.read.1.tlog
D:\Project\C++언어\ex160805\TelPhoneBookApp5\Debug\link.write.1.tlog
D:\Project\C++언어\ex160805\TelPhoneBookApp5\Debug\link-cvtres.read.1.tlog
D:\Project\C++언어\ex160805\TelPhoneBookApp5\Debug\link-cvtres.write.1.tlog
D:\PROJECT\C++언어\EX160805\TELPHONEBOOKAPP5\DEBUG\MAIN.OBJ
D:\Project\C++언어\ex160805\TelPhoneBookApp5\Debug\mt.command.1.tlog
D:\Project\C++언어\ex160805\TelPhoneBookApp5\Debug\mt.read.1.tlog
D:\Project\C++언어\ex160805\TelPhoneBookApp5\Debug\mt.write.1.tlog
D:\PROJECT\C++언어\EX160805\TELPHONEBOOKAPP5\DEBUG\PERSON.OBJ
D:\PROJECT\C++언어\EX160805\TELPHONEBOOKAPP5\DEBUG\PROFESSOR.OBJ
D:\Project\C++언어\ex160805\TelPhoneBookApp5\Debug\rc.command.1.tlog
D:\Project\C++언어\ex160805\TelPhoneBookApp5\Debug\rc.read.1.tlog
D:\Project\C++언어\ex160805\TelPhoneBookApp5\Debug\rc.write.1.tlog
D:\PROJECT\C++언어\EX160805\TELPHONEBOOKAPP5\DEBUG\STRING.OBJ
D:\PROJECT\C++언어\EX160805\TELPHONEBOOKAPP5\DEBUG\STUDENT.OBJ
D:\PROJECT\C++언어\EX160805\TELPHONEBOOKAPP5\DEBUG\TELPHONEBOOK.OBJ
D:\PROJECT\C++언어\EX160805\TELPHONEBOOKAPP5\DEBUG\TELPHONEBOOKAPP5.EXE.EMBED.MANIFEST
D:\PROJECT\C++언어\EX160805\TELPHONEBOOKAPP5\DEBUG\TELPHONEBOOKAPP5.EXE.EMBED.MANIFEST.RES
D:\PROJECT\C++언어\EX160805\TELPHONEBOOKAPP5\DEBUG\TELPHONEBOOKAPP5.EXE.INTERMEDIATE.MANIFEST
D:\Project\C++언어\ex160805\TelPhoneBookApp5\Debug\TelPhoneBookApp5_manifest.rc
D:\Project\C++언어\ex160805\TelPhoneBookApp5\Debug\vc100.idb
D:\PROJECT\C++언어\EX160805\TELPHONEBOOKAPP5\DEBUG\VC100.PDB
