빌드 시작: 2016-07-18 오전 11:29:14
     1>2 노드의 "D:\Project\C언어\ex160718\ex160718\ex160718.vcxproj" 프로젝트(build 대상)입니다.
     1>PrepareForBuild:
         "D:\Project\C언어\ex160718\Release\" 디렉터리를 만들고 있습니다.
       InitializeBuildStatus:
         "AlwaysCreate"이(가) 지정되었기 때문에 "Release\ex160718.unsuccessfulbuild"을(를) 만들고 있습니다.
       ClCompile:
         c:\Program Files\Microsoft Visual Studio 10.0\VC\bin\CL.exe /c /Zi /nologo /W3 /WX- /O2 /Oi /Oy- /GL /D WIN32 /D NDEBUG /D _CONSOLE /D _UNICODE /D UNICODE /Gm- /EHsc /MD /GS /Gy /fp:precise /Zc:wchar_t /Zc:forScope /Fo"Release\\" /Fd"Release\vc100.pdb" /Gd /TC /analyze- /errorReport:prompt main.c
         main.c
       Link:
         c:\Program Files\Microsoft Visual Studio 10.0\VC\bin\link.exe /ERRORREPORT:PROMPT /OUT:"D:\Project\C언어\ex160718\Release\ex160718.exe" /INCREMENTAL:NO /NOLOGO kernel32.lib user32.lib gdi32.lib winspool.lib comdlg32.lib advapi32.lib shell32.lib ole32.lib oleaut32.lib uuid.lib odbc32.lib odbccp32.lib /MANIFEST /ManifestFile:"Release\ex160718.exe.intermediate.manifest" /MANIFESTUAC:"level='asInvoker' uiAccess='false'" /DEBUG /PDB:"D:\Project\C언어\ex160718\Release\ex160718.pdb" /SUBSYSTEM:CONSOLE /OPT:REF /OPT:ICF /LTCG /TLBID:1 /DYNAMICBASE /NXCOMPAT /IMPLIB:"D:\Project\C언어\ex160718\Release\ex160718.lib" /MACHINE:X86 Release\main.obj
         코드를 생성하고 있습니다.
         코드를 생성했습니다.
         ex160718.vcxproj -> D:\Project\C언어\ex160718\Release\ex160718.exe
       Manifest:
         c:\Program Files\Microsoft SDKs\Windows\v7.0A\bin\mt.exe /nologo /verbose /outputresource:"D:\Project\C언어\ex160718\Release\ex160718.exe;#1" /manifest Release\ex160718.exe.intermediate.manifest
       FinalizeBuildStatus:
         "Release\ex160718.unsuccessfulbuild" 파일을 삭제하고 있습니다.
         "Release\ex160718.lastbuildstate"에 연결(touching)하고 있습니다.
     1>"D:\Project\C언어\ex160718\ex160718\ex160718.vcxproj" 프로젝트를 빌드했습니다(build 대상).

빌드했습니다.

경과 시간: 00:00:00.35
