D:\PROJECT\C++언어\EX0817\DEBUG\LISTAPP.EXE
D:\PROJECT\C++언어\EX0817\DEBUG\LISTAPP.ILK
D:\PROJECT\C++언어\EX0817\DEBUG\LISTAPP.PDB
D:\Project\C++언어\ex0817\ListApp\Debug\cl.command.1.tlog
D:\Project\C++언어\ex0817\ListApp\Debug\CL.read.1.tlog
D:\Project\C++언어\ex0817\ListApp\Debug\CL.write.1.tlog
D:\Project\C++언어\ex0817\ListApp\Debug\link.2260.read.1.tlog
D:\Project\C++언어\ex0817\ListApp\Debug\link.2260.write.1.tlog
D:\Project\C++언어\ex0817\ListApp\Debug\link.2260-cvtres.read.1.tlog
D:\Project\C++언어\ex0817\ListApp\Debug\link.2260-cvtres.write.1.tlog
D:\Project\C++언어\ex0817\ListApp\Debug\link.command.1.tlog
D:\Project\C++언어\ex0817\ListApp\Debug\link.read.1.tlog
D:\Project\C++언어\ex0817\ListApp\Debug\link.write.1.tlog
D:\Project\C++언어\ex0817\ListApp\Debug\link-cvtres.read.1.tlog
D:\Project\C++언어\ex0817\ListApp\Debug\link-cvtres.write.1.tlog
D:\PROJECT\C++언어\EX0817\LISTAPP\DEBUG\LIST.OBJ
D:\PROJECT\C++언어\EX0817\LISTAPP\DEBUG\LISTAPP.EXE.EMBED.MANIFEST
D:\PROJECT\C++언어\EX0817\LISTAPP\DEBUG\LISTAPP.EXE.EMBED.MANIFEST.RES
D:\PROJECT\C++언어\EX0817\LISTAPP\DEBUG\LISTAPP.EXE.INTERMEDIATE.MANIFEST
D:\Project\C++언어\ex0817\ListApp\Debug\ListApp_manifest.rc
D:\PROJECT\C++언어\EX0817\LISTAPP\DEBUG\MAIN.OBJ
D:\Project\C++언어\ex0817\ListApp\Debug\mt.command.1.tlog
D:\Project\C++언어\ex0817\ListApp\Debug\mt.read.1.tlog
D:\Project\C++언어\ex0817\ListApp\Debug\mt.write.1.tlog
D:\Project\C++언어\ex0817\ListApp\Debug\rc.command.1.tlog
D:\Project\C++언어\ex0817\ListApp\Debug\rc.read.1.tlog
D:\Project\C++언어\ex0817\ListApp\Debug\rc.write.1.tlog
D:\Project\C++언어\ex0817\ListApp\Debug\vc100.idb
D:\PROJECT\C++언어\EX0817\LISTAPP\DEBUG\VC100.PDB
