D:\PROJECT\C++언어\PROJECT4\DEBUG\PROJECT4.EXE
D:\PROJECT\C++언어\PROJECT4\DEBUG\PROJECT4.ILK
D:\PROJECT\C++언어\PROJECT4\DEBUG\PROJECT4.PDB
D:\Project\C++언어\Project4\Project4\Debug\cl.command.1.tlog
D:\Project\C++언어\Project4\Project4\Debug\CL.read.1.tlog
D:\Project\C++언어\Project4\Project4\Debug\CL.write.1.tlog
D:\Project\C++언어\Project4\Project4\Debug\link.1532.read.1.tlog
D:\Project\C++언어\Project4\Project4\Debug\link.1532.write.1.tlog
D:\Project\C++언어\Project4\Project4\Debug\link.1532-cvtres.read.1.tlog
D:\Project\C++언어\Project4\Project4\Debug\link.1532-cvtres.write.1.tlog
D:\Project\C++언어\Project4\Project4\Debug\link.2448.read.1.tlog
D:\Project\C++언어\Project4\Project4\Debug\link.2448.write.1.tlog
D:\Project\C++언어\Project4\Project4\Debug\link.2448-cvtres.read.1.tlog
D:\Project\C++언어\Project4\Project4\Debug\link.2448-cvtres.write.1.tlog
D:\Project\C++언어\Project4\Project4\Debug\link.3032.read.1.tlog
D:\Project\C++언어\Project4\Project4\Debug\link.3032.write.1.tlog
D:\Project\C++언어\Project4\Project4\Debug\link.3032-cvtres.read.1.tlog
D:\Project\C++언어\Project4\Project4\Debug\link.3032-cvtres.write.1.tlog
D:\Project\C++언어\Project4\Project4\Debug\link.328.read.1.tlog
D:\Project\C++언어\Project4\Project4\Debug\link.328.write.1.tlog
D:\Project\C++언어\Project4\Project4\Debug\link.328-cvtres.read.1.tlog
D:\Project\C++언어\Project4\Project4\Debug\link.328-cvtres.write.1.tlog
D:\Project\C++언어\Project4\Project4\Debug\link.3808.read.1.tlog
D:\Project\C++언어\Project4\Project4\Debug\link.3808.write.1.tlog
D:\Project\C++언어\Project4\Project4\Debug\link.3808-cvtres.read.1.tlog
D:\Project\C++언어\Project4\Project4\Debug\link.3808-cvtres.write.1.tlog
D:\Project\C++언어\Project4\Project4\Debug\link.command.1.tlog
D:\Project\C++언어\Project4\Project4\Debug\link.read.1.tlog
D:\Project\C++언어\Project4\Project4\Debug\link.write.1.tlog
D:\Project\C++언어\Project4\Project4\Debug\link-cvtres.read.1.tlog
D:\Project\C++언어\Project4\Project4\Debug\link-cvtres.write.1.tlog
D:\PROJECT\C++언어\PROJECT4\PROJECT4\DEBUG\MAP.OBJ
D:\Project\C++언어\Project4\Project4\Debug\mt.command.1.tlog
D:\Project\C++언어\Project4\Project4\Debug\mt.read.1.tlog
D:\Project\C++언어\Project4\Project4\Debug\mt.write.1.tlog
D:\PROJECT\C++언어\PROJECT4\PROJECT4\DEBUG\POKETMON.OBJ
D:\PROJECT\C++언어\PROJECT4\PROJECT4\DEBUG\PROJECT4.EXE.EMBED.MANIFEST
D:\PROJECT\C++언어\PROJECT4\PROJECT4\DEBUG\PROJECT4.EXE.EMBED.MANIFEST.RES
D:\PROJECT\C++언어\PROJECT4\PROJECT4\DEBUG\PROJECT4.EXE.INTERMEDIATE.MANIFEST
D:\Project\C++언어\Project4\Project4\Debug\Project4_manifest.rc
D:\Project\C++언어\Project4\Project4\Debug\rc.command.1.tlog
D:\Project\C++언어\Project4\Project4\Debug\rc.read.1.tlog
D:\Project\C++언어\Project4\Project4\Debug\rc.write.1.tlog
D:\Project\C++언어\Project4\Project4\Debug\vc100.idb
D:\PROJECT\C++언어\PROJECT4\PROJECT4\DEBUG\VC100.PDB
