D:\PROJECT\C++언어\EX160810\DEBUG\EX160810.EXE
D:\PROJECT\C++언어\EX160810\DEBUG\EX160810.ILK
D:\PROJECT\C++언어\EX160810\DEBUG\EX160810.PDB
D:\Project\C++언어\ex160810\ex160810\Debug\cl.command.1.tlog
D:\Project\C++언어\ex160810\ex160810\Debug\CL.read.1.tlog
D:\Project\C++언어\ex160810\ex160810\Debug\CL.write.1.tlog
D:\PROJECT\C++언어\EX160810\EX160810\DEBUG\EX160810.EXE.EMBED.MANIFEST
D:\PROJECT\C++언어\EX160810\EX160810\DEBUG\EX160810.EXE.EMBED.MANIFEST.RES
D:\PROJECT\C++언어\EX160810\EX160810\DEBUG\EX160810.EXE.INTERMEDIATE.MANIFEST
D:\Project\C++언어\ex160810\ex160810\Debug\ex160810_manifest.rc
D:\Project\C++언어\ex160810\ex160810\Debug\link.2212.read.1.tlog
D:\Project\C++언어\ex160810\ex160810\Debug\link.2212.write.1.tlog
D:\Project\C++언어\ex160810\ex160810\Debug\link.2212-cvtres.read.1.tlog
D:\Project\C++언어\ex160810\ex160810\Debug\link.2212-cvtres.write.1.tlog
D:\Project\C++언어\ex160810\ex160810\Debug\link.4832.read.1.tlog
D:\Project\C++언어\ex160810\ex160810\Debug\link.4832.write.1.tlog
D:\Project\C++언어\ex160810\ex160810\Debug\link.4832-cvtres.read.1.tlog
D:\Project\C++언어\ex160810\ex160810\Debug\link.4832-cvtres.write.1.tlog
D:\Project\C++언어\ex160810\ex160810\Debug\link.5156.read.1.tlog
D:\Project\C++언어\ex160810\ex160810\Debug\link.5156.write.1.tlog
D:\Project\C++언어\ex160810\ex160810\Debug\link.5156-cvtres.read.1.tlog
D:\Project\C++언어\ex160810\ex160810\Debug\link.5156-cvtres.write.1.tlog
D:\Project\C++언어\ex160810\ex160810\Debug\link.command.1.tlog
D:\Project\C++언어\ex160810\ex160810\Debug\link.read.1.tlog
D:\Project\C++언어\ex160810\ex160810\Debug\link.write.1.tlog
D:\Project\C++언어\ex160810\ex160810\Debug\link-cvtres.read.1.tlog
D:\Project\C++언어\ex160810\ex160810\Debug\link-cvtres.write.1.tlog
D:\PROJECT\C++언어\EX160810\EX160810\DEBUG\MAIN.OBJ
D:\Project\C++언어\ex160810\ex160810\Debug\mt.command.1.tlog
D:\Project\C++언어\ex160810\ex160810\Debug\mt.read.1.tlog
D:\Project\C++언어\ex160810\ex160810\Debug\mt.write.1.tlog
D:\Project\C++언어\ex160810\ex160810\Debug\rc.command.1.tlog
D:\Project\C++언어\ex160810\ex160810\Debug\rc.read.1.tlog
D:\Project\C++언어\ex160810\ex160810\Debug\rc.write.1.tlog
D:\Project\C++언어\ex160810\ex160810\Debug\vc100.idb
D:\PROJECT\C++언어\EX160810\EX160810\DEBUG\VC100.PDB
