빌드 시작: 2016-07-20 오후 4:23:02
     1>2 노드의 "D:\Project\C언어\ex160719_2\ex160719_2\ex160719_2.vcxproj" 프로젝트(build 대상)입니다.
     1>InitializeBuildStatus:
         "AlwaysCreate"이(가) 지정되었기 때문에 "Debug\ex160719_2.unsuccessfulbuild"을(를) 만들고 있습니다.
       ClCompile:
         c:\Program Files\Microsoft Visual Studio 10.0\VC\bin\CL.exe /c /ZI /nologo /W3 /WX- /Od /Oy- /D WIN32 /D _DEBUG /D _CONSOLE /D _UNICODE /D UNICODE /Gm /EHsc /RTC1 /MDd /GS /fp:precise /Zc:wchar_t /Zc:forScope /Fo"Debug\\" /Fd"Debug\vc100.pdb" /Gd /TC /analyze- /errorReport:prompt main.c
         main.c
     1>d:\project\c언어\ex160719_2\ex160719_2\main.c(991): warning C4101: 'temp' :참조되지 않은 지역 변수입니다.
       Link:
         c:\Program Files\Microsoft Visual Studio 10.0\VC\bin\link.exe /ERRORREPORT:PROMPT /OUT:"D:\Project\C언어\ex160719_2\Debug\ex160719_2.exe" /INCREMENTAL:NO /NOLOGO kernel32.lib user32.lib gdi32.lib winspool.lib comdlg32.lib advapi32.lib shell32.lib ole32.lib oleaut32.lib uuid.lib odbc32.lib odbccp32.lib /MANIFEST /ManifestFile:"Debug\ex160719_2.exe.intermediate.manifest" /MANIFESTUAC:"level='asInvoker' uiAccess='false'" /DEBUG /PDB:"D:\Project\C언어\ex160719_2\Debug\ex160719_2.pdb" /SUBSYSTEM:CONSOLE /TLBID:1 /DYNAMICBASE /NXCOMPAT /IMPLIB:"D:\Project\C언어\ex160719_2\Debug\ex160719_2.lib" /MACHINE:X86 Debug\main.obj
     1>main.obj : warning LNK4075: '/EDITANDCONTINUE'이(가) '/INCREMENTAL:NO' 사양으로 인해 무시됩니다.
         ex160719_2.vcxproj -> D:\Project\C언어\ex160719_2\Debug\ex160719_2.exe
       Manifest:
         c:\Program Files\Microsoft SDKs\Windows\v7.0A\bin\mt.exe /nologo /verbose /outputresource:"D:\Project\C언어\ex160719_2\Debug\ex160719_2.exe;#1" /manifest Debug\ex160719_2.exe.intermediate.manifest
       FinalizeBuildStatus:
         "Debug\ex160719_2.unsuccessfulbuild" 파일을 삭제하고 있습니다.
         "Debug\ex160719_2.lastbuildstate"에 연결(touching)하고 있습니다.
     1>"D:\Project\C언어\ex160719_2\ex160719_2\ex160719_2.vcxproj" 프로젝트를 빌드했습니다(build 대상).

빌드했습니다.

경과 시간: 00:00:00.50
